          **** TYPHOON 2001 WINDOWS ****

(c) 2006 - 2007 Thorsten Kuphaldt - kuphaldt@gmx.de
build nr. 3991 - built on Sun Sep 30 12:55:33 2007
---------------------------------------------------
starting up
- Allegro Version 4.2.2
- AllegroGL Version 0.4.2
- running under Windows Vista (6.2)
- desktop is set to 1280 x 1024 x 32
- cpu vendor: GenuineIntel
- cpu capabilities:
  - FPU
  - AMD64
  - MMX
  - SSE
  - SSE2
  - SSE3
  - CMOV
loading configuration
loading level set 'typhoon 2001'
- game.cfg is './game/typhoon 2001/game.cfg'
- level set has 100 levels
- loaded zone 0,   0 -  25 (0.2 : 0.2 : 1.0 - 'tempest1.mod')
- loaded zone 1,  26 -  50 (0.8 : 0.1 : 0.1 - 'tempest2.mod')
- loaded zone 2,  51 -  75 (0.8 : 0.4 : 0.1 - 'tempest3.mod')
- loaded zone 3,  76 - 100 (0.1 : 0.8 : 1.0 - 'tempest4.mod')
= level set loaded
= configuration loaded
loading highscores
= highscores loaded
initializing program
- setting graphics mode
- trying to set screenmode...
